The system is: Linux - 3.19.0-30-generic - i686
Compiling the C compiler identification source file "CMakeCCompilerId.c" succeeded.
Compiler: /usr/bin/cc 
Build flags: 
Id flags: 

The output was:
0


Compilation of the C compiler identification source "CMakeCCompilerId.c" produced "a.out"

The C compiler identification is GNU, found in "/home/saqib/DevFolder/ownDev/SmartKitchen_Cpp/ObjectDetector/build/CMakeFiles/2.8.12.2/CompilerIdC/a.out"

Compiling the CXX compiler identification source file "CMakeCXXCompilerId.cpp" succeeded.
Compiler: /usr/bin/c++ 
Build flags: 
Id flags: 

The output was:
0


Compilation of the CXX compiler identification source "CMakeCXXCompilerId.cpp" produced "a.out"

The CXX compiler identification is GNU, found in "/home/saqib/DevFolder/ownDev/SmartKitchen_Cpp/ObjectDetector/build/CMakeFiles/2.8.12.2/CompilerIdCXX/a.out"

Determining if the C compiler works passed with the following output:
Change Dir: /home/saqib/DevFolder/ownDev/SmartKitchen_Cpp/ObjectDetector/build/CMakeFiles/CMakeTmp

Run Build Command:/usr/bin/make "cmTryCompileExec1012423806/fast"
/usr/bin/make -f CMakeFiles/cmTryCompileExec1012423806.dir/build.make CMakeFiles/cmTryCompileExec1012423806.dir/build
make[1]: Entering directory `/home/saqib/DevFolder/ownDev/SmartKitchen_Cpp/ObjectDetector/build/CMakeFiles/CMakeTmp'
/usr/bin/cmake -E cmake_progress_report /home/saqib/DevFolder/ownDev/SmartKitchen_Cpp/ObjectDetector/build/CMakeFiles/CMakeTmp/CMakeFiles 1
Building C object CMakeFiles/cmTryCompileExec1012423806.dir/testCCompiler.c.o
/usr/bin/cc    -o CMakeFiles/cmTryCompileExec1012423806.dir/testCCompiler.c.o   -c /home/saqib/DevFolder/ownDev/SmartKitchen_Cpp/ObjectDetector/build/CMakeFiles/CMakeTmp/testCCompiler.c
Linking C executable cmTryCompileExec1012423806
/usr/bin/cmake -E cmake_link_script CMakeFiles/cmTryCompileExec1012423806.dir/link.txt --verbose=1
/usr/bin/cc       CMakeFiles/cmTryCompileExec1012423806.dir/testCCompiler.c.o  -o cmTryCompileExec1012423806 -rdynamic 
make[1]: Leaving directory `/home/saqib/DevFolder/ownDev/SmartKitchen_Cpp/ObjectDetector/build/CMakeFiles/CMakeTmp'


Detecting C compiler ABI info compiled with the following output:
Change Dir: /home/saqib/DevFolder/ownDev/SmartKitchen_Cpp/ObjectDetector/build/CMakeFiles/CMakeTmp

Run Build Command:/usr/bin/make "cmTryCompileExec2965857391/fast"
/usr/bin/make -f CMakeFiles/cmTryCompileExec2965857391.dir/build.make CMakeFiles/cmTryCompileExec2965857391.dir/build
make[1]: Entering directory `/home/saqib/DevFolder/ownDev/SmartKitchen_Cpp/ObjectDetector/build/CMakeFiles/CMakeTmp'
/usr/bin/cmake -E cmake_progress_report /home/saqib/DevFolder/ownDev/SmartKitchen_Cpp/ObjectDetector/build/CMakeFiles/CMakeTmp/CMakeFiles 1
Building C object CMakeFiles/cmTryCompileExec2965857391.dir/CMakeCCompilerABI.c.o
/usr/bin/cc    -o CMakeFiles/cmTryCompileExec2965857391.dir/CMakeCCompilerABI.c.o   -c /usr/share/cmake-2.8/Modules/CMakeCCompilerABI.c
Linking C executable cmTryCompileExec2965857391
/usr/bin/cmake -E cmake_link_script CMakeFiles/cmTryCompileExec2965857391.dir/link.txt --verbose=1
/usr/bin/cc     -v CMakeFiles/cmTryCompileExec2965857391.dir/CMakeCCompilerABI.c.o  -o cmTryCompileExec2965857391 -rdynamic  
Using built-in specs.
COLLECT_GCC=/usr/bin/cc
COLLECT_LTO_WRAPPER=/usr/lib/gcc/i686-linux-gnu/4.8/lto-wrapper
Target: i686-linux-gnu
Configured with: ../src/configure -v --with-pkgversion='Ubuntu 4.8.4-2ubuntu1~14.04' --with-bugurl=file:///usr/share/doc/gcc-4.8/README.Bugs --enable-languages=c,c++,java,go,d,fortran,objc,obj-c++ --prefix=/usr --program-suffix=-4.8 --enable-shared --enable-linker-build-id --libexecdir=/usr/lib --without-included-gettext --enable-threads=posix --with-gxx-include-dir=/usr/include/c++/4.8 --libdir=/usr/lib --enable-nls --with-sysroot=/ --enable-clocale=gnu --enable-libstdcxx-debug --enable-libstdcxx-time=yes --enable-gnu-unique-object --disable-libmudflap --enable-plugin --with-system-zlib --disable-browser-plugin --enable-java-awt=gtk --enable-gtk-cairo --with-java-home=/usr/lib/jvm/java-1.5.0-gcj-4.8-i386/jre --enable-java-home --with-jvm-root-dir=/usr/lib/jvm/java-1.5.0-gcj-4.8-i386 --with-jvm-jar-dir=/usr/lib/jvm-exports/java-1.5.0-gcj-4.8-i386 --with-arch-directory=i386 --with-ecj-jar=/usr/share/java/eclipse-ecj.jar --enable-objc-gc --enable-targets=all --enable-multiarch --disable-werror --with-arch-32=i686 --with-multilib-list=m32,m64,mx32 --with-tune=generic --enable-checking=release --build=i686-linux-gnu --host=i686-linux-gnu --target=i686-linux-gnu
Thread model: posix
gcc version 4.8.4 (Ubuntu 4.8.4-2ubuntu1~14.04) 
COMPILER_PATH=/usr/lib/gcc/i686-linux-gnu/4.8/:/usr/lib/gcc/i686-linux-gnu/4.8/:/usr/lib/gcc/i686-linux-gnu/:/usr/lib/gcc/i686-linux-gnu/4.8/:/usr/lib/gcc/i686-linux-gnu/
LIBRARY_PATH=/usr/lib/gcc/i686-linux-gnu/4.8/:/usr/lib/gcc/i686-linux-gnu/4.8/../../../i386-linux-gnu/:/usr/lib/gcc/i686-linux-gnu/4.8/../../../../lib/:/lib/i386-linux-gnu/:/lib/../lib/:/usr/lib/i386-linux-gnu/:/usr/lib/../lib/:/usr/lib/gcc/i686-linux-gnu/4.8/../../../:/lib/:/usr/lib/
COLLECT_GCC_OPTIONS='-v' '-o' 'cmTryCompileExec2965857391' '-rdynamic' '-mtune=generic' '-march=i686'
 /usr/lib/gcc/i686-linux-gnu/4.8/collect2 --sysroot=/ --build-id --eh-frame-hdr -m elf_i386 --hash-style=gnu --as-needed -export-dynamic -dynamic-linker /lib/ld-linux.so.2 -z relro -o cmTryCompileExec2965857391 /usr/lib/gcc/i686-linux-gnu/4.8/../../../i386-linux-gnu/crt1.o /usr/lib/gcc/i686-linux-gnu/4.8/../../../i386-linux-gnu/crti.o /usr/lib/gcc/i686-linux-gnu/4.8/crtbegin.o -L/usr/lib/gcc/i686-linux-gnu/4.8 -L/usr/lib/gcc/i686-linux-gnu/4.8/../../../i386-linux-gnu -L/usr/lib/gcc/i686-linux-gnu/4.8/../../../../lib -L/lib/i386-linux-gnu -L/lib/../lib -L/usr/lib/i386-linux-gnu -L/usr/lib/../lib -L/usr/lib/gcc/i686-linux-gnu/4.8/../../.. CMakeFiles/cmTryCompileExec2965857391.dir/CMakeCCompilerABI.c.o -lgcc --as-needed -lgcc_s --no-as-needed -lc -lgcc --as-needed -lgcc_s --no-as-needed /usr/lib/gcc/i686-linux-gnu/4.8/crtend.o /usr/lib/gcc/i686-linux-gnu/4.8/../../../i386-linux-gnu/crtn.o
make[1]: Leaving directory `/home/saqib/DevFolder/ownDev/SmartKitchen_Cpp/ObjectDetector/build/CMakeFiles/CMakeTmp'


Parsed C implicit link information from above output:
  link line regex: [^( *|.*[/\])(ld|([^/\]+-)?ld|collect2)[^/\]*( |$)]
  ignore line: [Change Dir: /home/saqib/DevFolder/ownDev/SmartKitchen_Cpp/ObjectDetector/build/CMakeFiles/CMakeTmp]
  ignore line: []
  ignore line: [Run Build Command:/usr/bin/make "cmTryCompileExec2965857391/fast"]
  ignore line: [/usr/bin/make -f CMakeFiles/cmTryCompileExec2965857391.dir/build.make CMakeFiles/cmTryCompileExec2965857391.dir/build]
  ignore line: [make[1]: Entering directory `/home/saqib/DevFolder/ownDev/SmartKitchen_Cpp/ObjectDetector/build/CMakeFiles/CMakeTmp']
  ignore line: [/usr/bin/cmake -E cmake_progress_report /home/saqib/DevFolder/ownDev/SmartKitchen_Cpp/ObjectDetector/build/CMakeFiles/CMakeTmp/CMakeFiles 1]
  ignore line: [Building C object CMakeFiles/cmTryCompileExec2965857391.dir/CMakeCCompilerABI.c.o]
  ignore line: [/usr/bin/cc    -o CMakeFiles/cmTryCompileExec2965857391.dir/CMakeCCompilerABI.c.o   -c /usr/share/cmake-2.8/Modules/CMakeCCompilerABI.c]
  ignore line: [Linking C executable cmTryCompileExec2965857391]
  ignore line: [/usr/bin/cmake -E cmake_link_script CMakeFiles/cmTryCompileExec2965857391.dir/link.txt --verbose=1]
  ignore line: [/usr/bin/cc     -v CMakeFiles/cmTryCompileExec2965857391.dir/CMakeCCompilerABI.c.o  -o cmTryCompileExec2965857391 -rdynamic  ]
  ignore line: [Using built-in specs.]
  ignore line: [COLLECT_GCC=/usr/bin/cc]
  ignore line: [COLLECT_LTO_WRAPPER=/usr/lib/gcc/i686-linux-gnu/4.8/lto-wrapper]
  ignore line: [Target: i686-linux-gnu]
  ignore line: [Configured with: ../src/configure -v --with-pkgversion='Ubuntu 4.8.4-2ubuntu1~14.04' --with-bugurl=file:///usr/share/doc/gcc-4.8/README.Bugs --enable-languages=c,c++,java,go,d,fortran,objc,obj-c++ --prefix=/usr --program-suffix=-4.8 --enable-shared --enable-linker-build-id --libexecdir=/usr/lib --without-included-gettext --enable-threads=posix --with-gxx-include-dir=/usr/include/c++/4.8 --libdir=/usr/lib --enable-nls --with-sysroot=/ --enable-clocale=gnu --enable-libstdcxx-debug --enable-libstdcxx-time=yes --enable-gnu-unique-object --disable-libmudflap --enable-plugin --with-system-zlib --disable-browser-plugin --enable-java-awt=gtk --enable-gtk-cairo --with-java-home=/usr/lib/jvm/java-1.5.0-gcj-4.8-i386/jre --enable-java-home --with-jvm-root-dir=/usr/lib/jvm/java-1.5.0-gcj-4.8-i386 --with-jvm-jar-dir=/usr/lib/jvm-exports/java-1.5.0-gcj-4.8-i386 --with-arch-directory=i386 --with-ecj-jar=/usr/share/java/eclipse-ecj.jar --enable-objc-gc --enable-targets=all --enable-multiarch --disable-werror --with-arch-32=i686 --with-multilib-list=m32,m64,mx32 --with-tune=generic --enable-checking=release --build=i686-linux-gnu --host=i686-linux-gnu --target=i686-linux-gnu]
  ignore line: [Thread model: posix]
  ignore line: [gcc version 4.8.4 (Ubuntu 4.8.4-2ubuntu1~14.04) ]
  ignore line: [COMPILER_PATH=/usr/lib/gcc/i686-linux-gnu/4.8/:/usr/lib/gcc/i686-linux-gnu/4.8/:/usr/lib/gcc/i686-linux-gnu/:/usr/lib/gcc/i686-linux-gnu/4.8/:/usr/lib/gcc/i686-linux-gnu/]
  ignore line: [LIBRARY_PATH=/usr/lib/gcc/i686-linux-gnu/4.8/:/usr/lib/gcc/i686-linux-gnu/4.8/../../../i386-linux-gnu/:/usr/lib/gcc/i686-linux-gnu/4.8/../../../../lib/:/lib/i386-linux-gnu/:/lib/../lib/:/usr/lib/i386-linux-gnu/:/usr/lib/../lib/:/usr/lib/gcc/i686-linux-gnu/4.8/../../../:/lib/:/usr/lib/]
  ignore line: [COLLECT_GCC_OPTIONS='-v' '-o' 'cmTryCompileExec2965857391' '-rdynamic' '-mtune=generic' '-march=i686']
  link line: [ /usr/lib/gcc/i686-linux-gnu/4.8/collect2 --sysroot=/ --build-id --eh-frame-hdr -m elf_i386 --hash-style=gnu --as-needed -export-dynamic -dynamic-linker /lib/ld-linux.so.2 -z relro -o cmTryCompileExec2965857391 /usr/lib/gcc/i686-linux-gnu/4.8/../../../i386-linux-gnu/crt1.o /usr/lib/gcc/i686-linux-gnu/4.8/../../../i386-linux-gnu/crti.o /usr/lib/gcc/i686-linux-gnu/4.8/crtbegin.o -L/usr/lib/gcc/i686-linux-gnu/4.8 -L/usr/lib/gcc/i686-linux-gnu/4.8/../../../i386-linux-gnu -L/usr/lib/gcc/i686-linux-gnu/4.8/../../../../lib -L/lib/i386-linux-gnu -L/lib/../lib -L/usr/lib/i386-linux-gnu -L/usr/lib/../lib -L/usr/lib/gcc/i686-linux-gnu/4.8/../../.. CMakeFiles/cmTryCompileExec2965857391.dir/CMakeCCompilerABI.c.o -lgcc --as-needed -lgcc_s --no-as-needed -lc -lgcc --as-needed -lgcc_s --no-as-needed /usr/lib/gcc/i686-linux-gnu/4.8/crtend.o /usr/lib/gcc/i686-linux-gnu/4.8/../../../i386-linux-gnu/crtn.o]
    arg [/usr/lib/gcc/i686-linux-gnu/4.8/collect2] ==> ignore
    arg [--sysroot=/] ==> ignore
    arg [--build-id] ==> ignore
    arg [--eh-frame-hdr] ==> ignore
    arg [-m] ==> ignore
    arg [elf_i386] ==> ignore
    arg [--hash-style=gnu] ==> ignore
    arg [--as-needed] ==> ignore
    arg [-export-dynamic] ==> ignore
    arg [-dynamic-linker] ==> ignore
    arg [/lib/ld-linux.so.2] ==> ignore
    arg [-zrelro] ==> ignore
    arg [-o] ==> ignore
    arg [cmTryCompileExec2965857391] ==> ignore
    arg [/usr/lib/gcc/i686-linux-gnu/4.8/../../../i386-linux-gnu/crt1.o] ==> ignore
    arg [/usr/lib/gcc/i686-linux-gnu/4.8/../../../i386-linux-gnu/crti.o] ==> ignore
    arg [/usr/lib/gcc/i686-linux-gnu/4.8/crtbegin.o] ==> ignore
    arg [-L/usr/lib/gcc/i686-linux-gnu/4.8] ==> dir [/usr/lib/gcc/i686-linux-gnu/4.8]
    arg [-L/usr/lib/gcc/i686-linux-gnu/4.8/../../../i386-linux-gnu] ==> dir [/usr/lib/gcc/i686-linux-gnu/4.8/../../../i386-linux-gnu]
    arg [-L/usr/lib/gcc/i686-linux-gnu/4.8/../../../../lib] ==> dir [/usr/lib/gcc/i686-linux-gnu/4.8/../../../../lib]
    arg [-L/lib/i386-linux-gnu] ==> dir [/lib/i386-linux-gnu]
    arg [-L/lib/../lib] ==> dir [/lib/../lib]
    arg [-L/usr/lib/i386-linux-gnu] ==> dir [/usr/lib/i386-linux-gnu]
    arg [-L/usr/lib/../lib] ==> dir [/usr/lib/../lib]
    arg [-L/usr/lib/gcc/i686-linux-gnu/4.8/../../..] ==> dir [/usr/lib/gcc/i686-linux-gnu/4.8/../../..]
    arg [CMakeFiles/cmTryCompileExec2965857391.dir/CMakeCCompilerABI.c.o] ==> ignore
    arg [-lgcc] ==> lib [gcc]
    arg [--as-needed] ==> ignore
    arg [-lgcc_s] ==> lib [gcc_s]
    arg [--no-as-needed] ==> ignore
    arg [-lc] ==> lib [c]
    arg [-lgcc] ==> lib [gcc]
    arg [--as-needed] ==> ignore
    arg [-lgcc_s] ==> lib [gcc_s]
    arg [--no-as-needed] ==> ignore
    arg [/usr/lib/gcc/i686-linux-gnu/4.8/crtend.o] ==> ignore
    arg [/usr/lib/gcc/i686-linux-gnu/4.8/../../../i386-linux-gnu/crtn.o] ==> ignore
  remove lib [gcc]
  remove lib [gcc_s]
  remove lib [gcc]
  remove lib [gcc_s]
  collapse library dir [/usr/lib/gcc/i686-linux-gnu/4.8] ==> [/usr/lib/gcc/i686-linux-gnu/4.8]
  collapse library dir [/usr/lib/gcc/i686-linux-gnu/4.8/../../../i386-linux-gnu] ==> [/usr/lib/i386-linux-gnu]
  collapse library dir [/usr/lib/gcc/i686-linux-gnu/4.8/../../../../lib] ==> [/usr/lib]
  collapse library dir [/lib/i386-linux-gnu] ==> [/lib/i386-linux-gnu]
  collapse library dir [/lib/../lib] ==> [/lib]
  collapse library dir [/usr/lib/i386-linux-gnu] ==> [/usr/lib/i386-linux-gnu]
  collapse library dir [/usr/lib/../lib] ==> [/usr/lib]
  collapse library dir [/usr/lib/gcc/i686-linux-gnu/4.8/../../..] ==> [/usr/lib]
  implicit libs: [c]
  implicit dirs: [/usr/lib/gcc/i686-linux-gnu/4.8;/usr/lib/i386-linux-gnu;/usr/lib;/lib/i386-linux-gnu;/lib]
  implicit fwks: []


Determining if the CXX compiler works passed with the following output:
Change Dir: /home/saqib/DevFolder/ownDev/SmartKitchen_Cpp/ObjectDetector/build/CMakeFiles/CMakeTmp

Run Build Command:/usr/bin/make "cmTryCompileExec2082929240/fast"
/usr/bin/make -f CMakeFiles/cmTryCompileExec2082929240.dir/build.make CMakeFiles/cmTryCompileExec2082929240.dir/build
make[1]: Entering directory `/home/saqib/DevFolder/ownDev/SmartKitchen_Cpp/ObjectDetector/build/CMakeFiles/CMakeTmp'
/usr/bin/cmake -E cmake_progress_report /home/saqib/DevFolder/ownDev/SmartKitchen_Cpp/ObjectDetector/build/CMakeFiles/CMakeTmp/CMakeFiles 1
Building CXX object CMakeFiles/cmTryCompileExec2082929240.dir/testCXXCompiler.cxx.o
/usr/bin/c++     -o CMakeFiles/cmTryCompileExec2082929240.dir/testCXXCompiler.cxx.o -c /home/saqib/DevFolder/ownDev/SmartKitchen_Cpp/ObjectDetector/build/CMakeFiles/CMakeTmp/testCXXCompiler.cxx
Linking CXX executable cmTryCompileExec2082929240
/usr/bin/cmake -E cmake_link_script CMakeFiles/cmTryCompileExec2082929240.dir/link.txt --verbose=1
/usr/bin/c++        CMakeFiles/cmTryCompileExec2082929240.dir/testCXXCompiler.cxx.o  -o cmTryCompileExec2082929240 -rdynamic 
make[1]: Leaving directory `/home/saqib/DevFolder/ownDev/SmartKitchen_Cpp/ObjectDetector/build/CMakeFiles/CMakeTmp'


Detecting CXX compiler ABI info compiled with the following output:
Change Dir: /home/saqib/DevFolder/ownDev/SmartKitchen_Cpp/ObjectDetector/build/CMakeFiles/CMakeTmp

Run Build Command:/usr/bin/make "cmTryCompileExec1084042750/fast"
/usr/bin/make -f CMakeFiles/cmTryCompileExec1084042750.dir/build.make CMakeFiles/cmTryCompileExec1084042750.dir/build
make[1]: Entering directory `/home/saqib/DevFolder/ownDev/SmartKitchen_Cpp/ObjectDetector/build/CMakeFiles/CMakeTmp'
/usr/bin/cmake -E cmake_progress_report /home/saqib/DevFolder/ownDev/SmartKitchen_Cpp/ObjectDetector/build/CMakeFiles/CMakeTmp/CMakeFiles 1
Building CXX object CMakeFiles/cmTryCompileExec1084042750.dir/CMakeCXXCompilerABI.cpp.o
/usr/bin/c++     -o CMakeFiles/cmTryCompileExec1084042750.dir/CMakeCXXCompilerABI.cpp.o -c /usr/share/cmake-2.8/Modules/CMakeCXXCompilerABI.cpp
Linking CXX executable cmTryCompileExec1084042750
/usr/bin/cmake -E cmake_link_script CMakeFiles/cmTryCompileExec1084042750.dir/link.txt --verbose=1
/usr/bin/c++      -v CMakeFiles/cmTryCompileExec1084042750.dir/CMakeCXXCompilerABI.cpp.o  -o cmTryCompileExec1084042750 -rdynamic  
Using built-in specs.
COLLECT_GCC=/usr/bin/c++
COLLECT_LTO_WRAPPER=/usr/lib/gcc/i686-linux-gnu/4.8/lto-wrapper
Target: i686-linux-gnu
Configured with: ../src/configure -v --with-pkgversion='Ubuntu 4.8.4-2ubuntu1~14.04' --with-bugurl=file:///usr/share/doc/gcc-4.8/README.Bugs --enable-languages=c,c++,java,go,d,fortran,objc,obj-c++ --prefix=/usr --program-suffix=-4.8 --enable-shared --enable-linker-build-id --libexecdir=/usr/lib --without-included-gettext --enable-threads=posix --with-gxx-include-dir=/usr/include/c++/4.8 --libdir=/usr/lib --enable-nls --with-sysroot=/ --enable-clocale=gnu --enable-libstdcxx-debug --enable-libstdcxx-time=yes --enable-gnu-unique-object --disable-libmudflap --enable-plugin --with-system-zlib --disable-browser-plugin --enable-java-awt=gtk --enable-gtk-cairo --with-java-home=/usr/lib/jvm/java-1.5.0-gcj-4.8-i386/jre --enable-java-home --with-jvm-root-dir=/usr/lib/jvm/java-1.5.0-gcj-4.8-i386 --with-jvm-jar-dir=/usr/lib/jvm-exports/java-1.5.0-gcj-4.8-i386 --with-arch-directory=i386 --with-ecj-jar=/usr/share/java/eclipse-ecj.jar --enable-objc-gc --enable-targets=all --enable-multiarch --disable-werror --with-arch-32=i686 --with-multilib-list=m32,m64,mx32 --with-tune=generic --enable-checking=release --build=i686-linux-gnu --host=i686-linux-gnu --target=i686-linux-gnu
Thread model: posix
gcc version 4.8.4 (Ubuntu 4.8.4-2ubuntu1~14.04) 
COMPILER_PATH=/usr/lib/gcc/i686-linux-gnu/4.8/:/usr/lib/gcc/i686-linux-gnu/4.8/:/usr/lib/gcc/i686-linux-gnu/:/usr/lib/gcc/i686-linux-gnu/4.8/:/usr/lib/gcc/i686-linux-gnu/
LIBRARY_PATH=/usr/lib/gcc/i686-linux-gnu/4.8/:/usr/lib/gcc/i686-linux-gnu/4.8/../../../i386-linux-gnu/:/usr/lib/gcc/i686-linux-gnu/4.8/../../../../lib/:/lib/i386-linux-gnu/:/lib/../lib/:/usr/lib/i386-linux-gnu/:/usr/lib/../lib/:/usr/lib/gcc/i686-linux-gnu/4.8/../../../:/lib/:/usr/lib/
COLLECT_GCC_OPTIONS='-v' '-o' 'cmTryCompileExec1084042750' '-rdynamic' '-shared-libgcc' '-mtune=generic' '-march=i686'
 /usr/lib/gcc/i686-linux-gnu/4.8/collect2 --sysroot=/ --build-id --eh-frame-hdr -m elf_i386 --hash-style=gnu --as-needed -export-dynamic -dynamic-linker /lib/ld-linux.so.2 -z relro -o cmTryCompileExec1084042750 /usr/lib/gcc/i686-linux-gnu/4.8/../../../i386-linux-gnu/crt1.o /usr/lib/gcc/i686-linux-gnu/4.8/../../../i386-linux-gnu/crti.o /usr/lib/gcc/i686-linux-gnu/4.8/crtbegin.o -L/usr/lib/gcc/i686-linux-gnu/4.8 -L/usr/lib/gcc/i686-linux-gnu/4.8/../../../i386-linux-gnu -L/usr/lib/gcc/i686-linux-gnu/4.8/../../../../lib -L/lib/i386-linux-gnu -L/lib/../lib -L/usr/lib/i386-linux-gnu -L/usr/lib/../lib -L/usr/lib/gcc/i686-linux-gnu/4.8/../../.. CMakeFiles/cmTryCompileExec1084042750.dir/CMakeCXXCompilerABI.cpp.o -lstdc++ -lm -lgcc_s -lgcc -lc -lgcc_s -lgcc /usr/lib/gcc/i686-linux-gnu/4.8/crtend.o /usr/lib/gcc/i686-linux-gnu/4.8/../../../i386-linux-gnu/crtn.o
make[1]: Leaving directory `/home/saqib/DevFolder/ownDev/SmartKitchen_Cpp/ObjectDetector/build/CMakeFiles/CMakeTmp'


Parsed CXX implicit link information from above output:
  link line regex: [^( *|.*[/\])(ld|([^/\]+-)?ld|collect2)[^/\]*( |$)]
  ignore line: [Change Dir: /home/saqib/DevFolder/ownDev/SmartKitchen_Cpp/ObjectDetector/build/CMakeFiles/CMakeTmp]
  ignore line: []
  ignore line: [Run Build Command:/usr/bin/make "cmTryCompileExec1084042750/fast"]
  ignore line: [/usr/bin/make -f CMakeFiles/cmTryCompileExec1084042750.dir/build.make CMakeFiles/cmTryCompileExec1084042750.dir/build]
  ignore line: [make[1]: Entering directory `/home/saqib/DevFolder/ownDev/SmartKitchen_Cpp/ObjectDetector/build/CMakeFiles/CMakeTmp']
  ignore line: [/usr/bin/cmake -E cmake_progress_report /home/saqib/DevFolder/ownDev/SmartKitchen_Cpp/ObjectDetector/build/CMakeFiles/CMakeTmp/CMakeFiles 1]
  ignore line: [Building CXX object CMakeFiles/cmTryCompileExec1084042750.dir/CMakeCXXCompilerABI.cpp.o]
  ignore line: [/usr/bin/c++     -o CMakeFiles/cmTryCompileExec1084042750.dir/CMakeCXXCompilerABI.cpp.o -c /usr/share/cmake-2.8/Modules/CMakeCXXCompilerABI.cpp]
  ignore line: [Linking CXX executable cmTryCompileExec1084042750]
  ignore line: [/usr/bin/cmake -E cmake_link_script CMakeFiles/cmTryCompileExec1084042750.dir/link.txt --verbose=1]
  ignore line: [/usr/bin/c++      -v CMakeFiles/cmTryCompileExec1084042750.dir/CMakeCXXCompilerABI.cpp.o  -o cmTryCompileExec1084042750 -rdynamic  ]
  ignore line: [Using built-in specs.]
  ignore line: [COLLECT_GCC=/usr/bin/c++]
  ignore line: [COLLECT_LTO_WRAPPER=/usr/lib/gcc/i686-linux-gnu/4.8/lto-wrapper]
  ignore line: [Target: i686-linux-gnu]
  ignore line: [Configured with: ../src/configure -v --with-pkgversion='Ubuntu 4.8.4-2ubuntu1~14.04' --with-bugurl=file:///usr/share/doc/gcc-4.8/README.Bugs --enable-languages=c,c++,java,go,d,fortran,objc,obj-c++ --prefix=/usr --program-suffix=-4.8 --enable-shared --enable-linker-build-id --libexecdir=/usr/lib --without-included-gettext --enable-threads=posix --with-gxx-include-dir=/usr/include/c++/4.8 --libdir=/usr/lib --enable-nls --with-sysroot=/ --enable-clocale=gnu --enable-libstdcxx-debug --enable-libstdcxx-time=yes --enable-gnu-unique-object --disable-libmudflap --enable-plugin --with-system-zlib --disable-browser-plugin --enable-java-awt=gtk --enable-gtk-cairo --with-java-home=/usr/lib/jvm/java-1.5.0-gcj-4.8-i386/jre --enable-java-home --with-jvm-root-dir=/usr/lib/jvm/java-1.5.0-gcj-4.8-i386 --with-jvm-jar-dir=/usr/lib/jvm-exports/java-1.5.0-gcj-4.8-i386 --with-arch-directory=i386 --with-ecj-jar=/usr/share/java/eclipse-ecj.jar --enable-objc-gc --enable-targets=all --enable-multiarch --disable-werror --with-arch-32=i686 --with-multilib-list=m32,m64,mx32 --with-tune=generic --enable-checking=release --build=i686-linux-gnu --host=i686-linux-gnu --target=i686-linux-gnu]
  ignore line: [Thread model: posix]
  ignore line: [gcc version 4.8.4 (Ubuntu 4.8.4-2ubuntu1~14.04) ]
  ignore line: [COMPILER_PATH=/usr/lib/gcc/i686-linux-gnu/4.8/:/usr/lib/gcc/i686-linux-gnu/4.8/:/usr/lib/gcc/i686-linux-gnu/:/usr/lib/gcc/i686-linux-gnu/4.8/:/usr/lib/gcc/i686-linux-gnu/]
  ignore line: [LIBRARY_PATH=/usr/lib/gcc/i686-linux-gnu/4.8/:/usr/lib/gcc/i686-linux-gnu/4.8/../../../i386-linux-gnu/:/usr/lib/gcc/i686-linux-gnu/4.8/../../../../lib/:/lib/i386-linux-gnu/:/lib/../lib/:/usr/lib/i386-linux-gnu/:/usr/lib/../lib/:/usr/lib/gcc/i686-linux-gnu/4.8/../../../:/lib/:/usr/lib/]
  ignore line: [COLLECT_GCC_OPTIONS='-v' '-o' 'cmTryCompileExec1084042750' '-rdynamic' '-shared-libgcc' '-mtune=generic' '-march=i686']
  link line: [ /usr/lib/gcc/i686-linux-gnu/4.8/collect2 --sysroot=/ --build-id --eh-frame-hdr -m elf_i386 --hash-style=gnu --as-needed -export-dynamic -dynamic-linker /lib/ld-linux.so.2 -z relro -o cmTryCompileExec1084042750 /usr/lib/gcc/i686-linux-gnu/4.8/../../../i386-linux-gnu/crt1.o /usr/lib/gcc/i686-linux-gnu/4.8/../../../i386-linux-gnu/crti.o /usr/lib/gcc/i686-linux-gnu/4.8/crtbegin.o -L/usr/lib/gcc/i686-linux-gnu/4.8 -L/usr/lib/gcc/i686-linux-gnu/4.8/../../../i386-linux-gnu -L/usr/lib/gcc/i686-linux-gnu/4.8/../../../../lib -L/lib/i386-linux-gnu -L/lib/../lib -L/usr/lib/i386-linux-gnu -L/usr/lib/../lib -L/usr/lib/gcc/i686-linux-gnu/4.8/../../.. CMakeFiles/cmTryCompileExec1084042750.dir/CMakeCXXCompilerABI.cpp.o -lstdc++ -lm -lgcc_s -lgcc -lc -lgcc_s -lgcc /usr/lib/gcc/i686-linux-gnu/4.8/crtend.o /usr/lib/gcc/i686-linux-gnu/4.8/../../../i386-linux-gnu/crtn.o]
    arg [/usr/lib/gcc/i686-linux-gnu/4.8/collect2] ==> ignore
    arg [--sysroot=/] ==> ignore
    arg [--build-id] ==> ignore
    arg [--eh-frame-hdr] ==> ignore
    arg [-m] ==> ignore
    arg [elf_i386] ==> ignore
    arg [--hash-style=gnu] ==> ignore
    arg [--as-needed] ==> ignore
    arg [-export-dynamic] ==> ignore
    arg [-dynamic-linker] ==> ignore
    arg [/lib/ld-linux.so.2] ==> ignore
    arg [-zrelro] ==> ignore
    arg [-o] ==> ignore
    arg [cmTryCompileExec1084042750] ==> ignore
    arg [/usr/lib/gcc/i686-linux-gnu/4.8/../../../i386-linux-gnu/crt1.o] ==> ignore
    arg [/usr/lib/gcc/i686-linux-gnu/4.8/../../../i386-linux-gnu/crti.o] ==> ignore
    arg [/usr/lib/gcc/i686-linux-gnu/4.8/crtbegin.o] ==> ignore
    arg [-L/usr/lib/gcc/i686-linux-gnu/4.8] ==> dir [/usr/lib/gcc/i686-linux-gnu/4.8]
    arg [-L/usr/lib/gcc/i686-linux-gnu/4.8/../../../i386-linux-gnu] ==> dir [/usr/lib/gcc/i686-linux-gnu/4.8/../../../i386-linux-gnu]
    arg [-L/usr/lib/gcc/i686-linux-gnu/4.8/../../../../lib] ==> dir [/usr/lib/gcc/i686-linux-gnu/4.8/../../../../lib]
    arg [-L/lib/i386-linux-gnu] ==> dir [/lib/i386-linux-gnu]
    arg [-L/lib/../lib] ==> dir [/lib/../lib]
    arg [-L/usr/lib/i386-linux-gnu] ==> dir [/usr/lib/i386-linux-gnu]
    arg [-L/usr/lib/../lib] ==> dir [/usr/lib/../lib]
    arg [-L/usr/lib/gcc/i686-linux-gnu/4.8/../../..] ==> dir [/usr/lib/gcc/i686-linux-gnu/4.8/../../..]
    arg [CMakeFiles/cmTryCompileExec1084042750.dir/CMakeCXXCompilerABI.cpp.o] ==> ignore
    arg [-lstdc++] ==> lib [stdc++]
    arg [-lm] ==> lib [m]
    arg [-lgcc_s] ==> lib [gcc_s]
    arg [-lgcc] ==> lib [gcc]
    arg [-lc] ==> lib [c]
    arg [-lgcc_s] ==> lib [gcc_s]
    arg [-lgcc] ==> lib [gcc]
    arg [/usr/lib/gcc/i686-linux-gnu/4.8/crtend.o] ==> ignore
    arg [/usr/lib/gcc/i686-linux-gnu/4.8/../../../i386-linux-gnu/crtn.o] ==> ignore
  remove lib [gcc_s]
  remove lib [gcc]
  remove lib [gcc_s]
  remove lib [gcc]
  collapse library dir [/usr/lib/gcc/i686-linux-gnu/4.8] ==> [/usr/lib/gcc/i686-linux-gnu/4.8]
  collapse library dir [/usr/lib/gcc/i686-linux-gnu/4.8/../../../i386-linux-gnu] ==> [/usr/lib/i386-linux-gnu]
  collapse library dir [/usr/lib/gcc/i686-linux-gnu/4.8/../../../../lib] ==> [/usr/lib]
  collapse library dir [/lib/i386-linux-gnu] ==> [/lib/i386-linux-gnu]
  collapse library dir [/lib/../lib] ==> [/lib]
  collapse library dir [/usr/lib/i386-linux-gnu] ==> [/usr/lib/i386-linux-gnu]
  collapse library dir [/usr/lib/../lib] ==> [/usr/lib]
  collapse library dir [/usr/lib/gcc/i686-linux-gnu/4.8/../../..] ==> [/usr/lib]
  implicit libs: [stdc++;m;c]
  implicit dirs: [/usr/lib/gcc/i686-linux-gnu/4.8;/usr/lib/i386-linux-gnu;/usr/lib;/lib/i386-linux-gnu;/lib]
  implicit fwks: []


Determining if the function XOpenDisplay exists in the /usr/lib/i386-linux-gnu/libX11.so passed with the following output:
Change Dir: /home/saqib/DevFolder/ownDev/SmartKitchen_Cpp/ObjectDetector/build/CMakeFiles/CMakeTmp

Run Build Command:/usr/bin/make "cmTryCompileExec3252835099/fast"
/usr/bin/make -f CMakeFiles/cmTryCompileExec3252835099.dir/build.make CMakeFiles/cmTryCompileExec3252835099.dir/build
make[1]: Entering directory `/home/saqib/DevFolder/ownDev/SmartKitchen_Cpp/ObjectDetector/build/CMakeFiles/CMakeTmp'
/usr/bin/cmake -E cmake_progress_report /home/saqib/DevFolder/ownDev/SmartKitchen_Cpp/ObjectDetector/build/CMakeFiles/CMakeTmp/CMakeFiles 1
Building C object CMakeFiles/cmTryCompileExec3252835099.dir/CheckFunctionExists.c.o
/usr/bin/cc   -DCHECK_FUNCTION_EXISTS=XOpenDisplay   -o CMakeFiles/cmTryCompileExec3252835099.dir/CheckFunctionExists.c.o   -c /usr/share/cmake-2.8/Modules/CheckFunctionExists.c
Linking C executable cmTryCompileExec3252835099
/usr/bin/cmake -E cmake_link_script CMakeFiles/cmTryCompileExec3252835099.dir/link.txt --verbose=1
/usr/bin/cc   -DCHECK_FUNCTION_EXISTS=XOpenDisplay    CMakeFiles/cmTryCompileExec3252835099.dir/CheckFunctionExists.c.o  -o cmTryCompileExec3252835099 -rdynamic -lX11 
make[1]: Leaving directory `/home/saqib/DevFolder/ownDev/SmartKitchen_Cpp/ObjectDetector/build/CMakeFiles/CMakeTmp'


Determining if the function gethostbyname exists passed with the following output:
Change Dir: /home/saqib/DevFolder/ownDev/SmartKitchen_Cpp/ObjectDetector/build/CMakeFiles/CMakeTmp

Run Build Command:/usr/bin/make "cmTryCompileExec2329002863/fast"
/usr/bin/make -f CMakeFiles/cmTryCompileExec2329002863.dir/build.make CMakeFiles/cmTryCompileExec2329002863.dir/build
make[1]: Entering directory `/home/saqib/DevFolder/ownDev/SmartKitchen_Cpp/ObjectDetector/build/CMakeFiles/CMakeTmp'
/usr/bin/cmake -E cmake_progress_report /home/saqib/DevFolder/ownDev/SmartKitchen_Cpp/ObjectDetector/build/CMakeFiles/CMakeTmp/CMakeFiles 1
Building C object CMakeFiles/cmTryCompileExec2329002863.dir/CheckFunctionExists.c.o
/usr/bin/cc   -DCHECK_FUNCTION_EXISTS=gethostbyname   -o CMakeFiles/cmTryCompileExec2329002863.dir/CheckFunctionExists.c.o   -c /usr/share/cmake-2.8/Modules/CheckFunctionExists.c
Linking C executable cmTryCompileExec2329002863
/usr/bin/cmake -E cmake_link_script CMakeFiles/cmTryCompileExec2329002863.dir/link.txt --verbose=1
/usr/bin/cc   -DCHECK_FUNCTION_EXISTS=gethostbyname    CMakeFiles/cmTryCompileExec2329002863.dir/CheckFunctionExists.c.o  -o cmTryCompileExec2329002863 -rdynamic 
make[1]: Leaving directory `/home/saqib/DevFolder/ownDev/SmartKitchen_Cpp/ObjectDetector/build/CMakeFiles/CMakeTmp'


Determining if the function connect exists passed with the following output:
Change Dir: /home/saqib/DevFolder/ownDev/SmartKitchen_Cpp/ObjectDetector/build/CMakeFiles/CMakeTmp

Run Build Command:/usr/bin/make "cmTryCompileExec2785995933/fast"
/usr/bin/make -f CMakeFiles/cmTryCompileExec2785995933.dir/build.make CMakeFiles/cmTryCompileExec2785995933.dir/build
make[1]: Entering directory `/home/saqib/DevFolder/ownDev/SmartKitchen_Cpp/ObjectDetector/build/CMakeFiles/CMakeTmp'
/usr/bin/cmake -E cmake_progress_report /home/saqib/DevFolder/ownDev/SmartKitchen_Cpp/ObjectDetector/build/CMakeFiles/CMakeTmp/CMakeFiles 1
Building C object CMakeFiles/cmTryCompileExec2785995933.dir/CheckFunctionExists.c.o
/usr/bin/cc   -DCHECK_FUNCTION_EXISTS=connect   -o CMakeFiles/cmTryCompileExec2785995933.dir/CheckFunctionExists.c.o   -c /usr/share/cmake-2.8/Modules/CheckFunctionExists.c
Linking C executable cmTryCompileExec2785995933
/usr/bin/cmake -E cmake_link_script CMakeFiles/cmTryCompileExec2785995933.dir/link.txt --verbose=1
/usr/bin/cc   -DCHECK_FUNCTION_EXISTS=connect    CMakeFiles/cmTryCompileExec2785995933.dir/CheckFunctionExists.c.o  -o cmTryCompileExec2785995933 -rdynamic 
make[1]: Leaving directory `/home/saqib/DevFolder/ownDev/SmartKitchen_Cpp/ObjectDetector/build/CMakeFiles/CMakeTmp'


Determining if the function remove exists passed with the following output:
Change Dir: /home/saqib/DevFolder/ownDev/SmartKitchen_Cpp/ObjectDetector/build/CMakeFiles/CMakeTmp

Run Build Command:/usr/bin/make "cmTryCompileExec4097524025/fast"
/usr/bin/make -f CMakeFiles/cmTryCompileExec4097524025.dir/build.make CMakeFiles/cmTryCompileExec4097524025.dir/build
make[1]: Entering directory `/home/saqib/DevFolder/ownDev/SmartKitchen_Cpp/ObjectDetector/build/CMakeFiles/CMakeTmp'
/usr/bin/cmake -E cmake_progress_report /home/saqib/DevFolder/ownDev/SmartKitchen_Cpp/ObjectDetector/build/CMakeFiles/CMakeTmp/CMakeFiles 1
Building C object CMakeFiles/cmTryCompileExec4097524025.dir/CheckFunctionExists.c.o
/usr/bin/cc   -DCHECK_FUNCTION_EXISTS=remove   -o CMakeFiles/cmTryCompileExec4097524025.dir/CheckFunctionExists.c.o   -c /usr/share/cmake-2.8/Modules/CheckFunctionExists.c
Linking C executable cmTryCompileExec4097524025
/usr/bin/cmake -E cmake_link_script CMakeFiles/cmTryCompileExec4097524025.dir/link.txt --verbose=1
/usr/bin/cc   -DCHECK_FUNCTION_EXISTS=remove    CMakeFiles/cmTryCompileExec4097524025.dir/CheckFunctionExists.c.o  -o cmTryCompileExec4097524025 -rdynamic 
make[1]: Leaving directory `/home/saqib/DevFolder/ownDev/SmartKitchen_Cpp/ObjectDetector/build/CMakeFiles/CMakeTmp'


Determining if the function shmat exists passed with the following output:
Change Dir: /home/saqib/DevFolder/ownDev/SmartKitchen_Cpp/ObjectDetector/build/CMakeFiles/CMakeTmp

Run Build Command:/usr/bin/make "cmTryCompileExec4177294138/fast"
/usr/bin/make -f CMakeFiles/cmTryCompileExec4177294138.dir/build.make CMakeFiles/cmTryCompileExec4177294138.dir/build
make[1]: Entering directory `/home/saqib/DevFolder/ownDev/SmartKitchen_Cpp/ObjectDetector/build/CMakeFiles/CMakeTmp'
/usr/bin/cmake -E cmake_progress_report /home/saqib/DevFolder/ownDev/SmartKitchen_Cpp/ObjectDetector/build/CMakeFiles/CMakeTmp/CMakeFiles 1
Building C object CMakeFiles/cmTryCompileExec4177294138.dir/CheckFunctionExists.c.o
/usr/bin/cc   -DCHECK_FUNCTION_EXISTS=shmat   -o CMakeFiles/cmTryCompileExec4177294138.dir/CheckFunctionExists.c.o   -c /usr/share/cmake-2.8/Modules/CheckFunctionExists.c
Linking C executable cmTryCompileExec4177294138
/usr/bin/cmake -E cmake_link_script CMakeFiles/cmTryCompileExec4177294138.dir/link.txt --verbose=1
/usr/bin/cc   -DCHECK_FUNCTION_EXISTS=shmat    CMakeFiles/cmTryCompileExec4177294138.dir/CheckFunctionExists.c.o  -o cmTryCompileExec4177294138 -rdynamic 
make[1]: Leaving directory `/home/saqib/DevFolder/ownDev/SmartKitchen_Cpp/ObjectDetector/build/CMakeFiles/CMakeTmp'


Determining if the include file sys/types.h exists passed with the following output:
Change Dir: /home/saqib/DevFolder/ownDev/SmartKitchen_Cpp/ObjectDetector/build/CMakeFiles/CMakeTmp

Run Build Command:/usr/bin/make "cmTryCompileExec3132040963/fast"
/usr/bin/make -f CMakeFiles/cmTryCompileExec3132040963.dir/build.make CMakeFiles/cmTryCompileExec3132040963.dir/build
make[1]: Entering directory `/home/saqib/DevFolder/ownDev/SmartKitchen_Cpp/ObjectDetector/build/CMakeFiles/CMakeTmp'
/usr/bin/cmake -E cmake_progress_report /home/saqib/DevFolder/ownDev/SmartKitchen_Cpp/ObjectDetector/build/CMakeFiles/CMakeTmp/CMakeFiles 1
Building C object CMakeFiles/cmTryCompileExec3132040963.dir/CheckIncludeFile.c.o
/usr/bin/cc    -o CMakeFiles/cmTryCompileExec3132040963.dir/CheckIncludeFile.c.o   -c /home/saqib/DevFolder/ownDev/SmartKitchen_Cpp/ObjectDetector/build/CMakeFiles/CMakeTmp/CheckIncludeFile.c
Linking C executable cmTryCompileExec3132040963
/usr/bin/cmake -E cmake_link_script CMakeFiles/cmTryCompileExec3132040963.dir/link.txt --verbose=1
/usr/bin/cc       CMakeFiles/cmTryCompileExec3132040963.dir/CheckIncludeFile.c.o  -o cmTryCompileExec3132040963 -rdynamic 
make[1]: Leaving directory `/home/saqib/DevFolder/ownDev/SmartKitchen_Cpp/ObjectDetector/build/CMakeFiles/CMakeTmp'


Determining if the include file stdint.h exists passed with the following output:
Change Dir: /home/saqib/DevFolder/ownDev/SmartKitchen_Cpp/ObjectDetector/build/CMakeFiles/CMakeTmp

Run Build Command:/usr/bin/make "cmTryCompileExec4153738046/fast"
/usr/bin/make -f CMakeFiles/cmTryCompileExec4153738046.dir/build.make CMakeFiles/cmTryCompileExec4153738046.dir/build
make[1]: Entering directory `/home/saqib/DevFolder/ownDev/SmartKitchen_Cpp/ObjectDetector/build/CMakeFiles/CMakeTmp'
/usr/bin/cmake -E cmake_progress_report /home/saqib/DevFolder/ownDev/SmartKitchen_Cpp/ObjectDetector/build/CMakeFiles/CMakeTmp/CMakeFiles 1
Building C object CMakeFiles/cmTryCompileExec4153738046.dir/CheckIncludeFile.c.o
/usr/bin/cc    -o CMakeFiles/cmTryCompileExec4153738046.dir/CheckIncludeFile.c.o   -c /home/saqib/DevFolder/ownDev/SmartKitchen_Cpp/ObjectDetector/build/CMakeFiles/CMakeTmp/CheckIncludeFile.c
Linking C executable cmTryCompileExec4153738046
/usr/bin/cmake -E cmake_link_script CMakeFiles/cmTryCompileExec4153738046.dir/link.txt --verbose=1
/usr/bin/cc       CMakeFiles/cmTryCompileExec4153738046.dir/CheckIncludeFile.c.o  -o cmTryCompileExec4153738046 -rdynamic 
make[1]: Leaving directory `/home/saqib/DevFolder/ownDev/SmartKitchen_Cpp/ObjectDetector/build/CMakeFiles/CMakeTmp'


Determining if the include file stddef.h exists passed with the following output:
Change Dir: /home/saqib/DevFolder/ownDev/SmartKitchen_Cpp/ObjectDetector/build/CMakeFiles/CMakeTmp

Run Build Command:/usr/bin/make "cmTryCompileExec1206736979/fast"
/usr/bin/make -f CMakeFiles/cmTryCompileExec1206736979.dir/build.make CMakeFiles/cmTryCompileExec1206736979.dir/build
make[1]: Entering directory `/home/saqib/DevFolder/ownDev/SmartKitchen_Cpp/ObjectDetector/build/CMakeFiles/CMakeTmp'
/usr/bin/cmake -E cmake_progress_report /home/saqib/DevFolder/ownDev/SmartKitchen_Cpp/ObjectDetector/build/CMakeFiles/CMakeTmp/CMakeFiles 1
Building C object CMakeFiles/cmTryCompileExec1206736979.dir/CheckIncludeFile.c.o
/usr/bin/cc    -o CMakeFiles/cmTryCompileExec1206736979.dir/CheckIncludeFile.c.o   -c /home/saqib/DevFolder/ownDev/SmartKitchen_Cpp/ObjectDetector/build/CMakeFiles/CMakeTmp/CheckIncludeFile.c
Linking C executable cmTryCompileExec1206736979
/usr/bin/cmake -E cmake_link_script CMakeFiles/cmTryCompileExec1206736979.dir/link.txt --verbose=1
/usr/bin/cc       CMakeFiles/cmTryCompileExec1206736979.dir/CheckIncludeFile.c.o  -o cmTryCompileExec1206736979 -rdynamic 
make[1]: Leaving directory `/home/saqib/DevFolder/ownDev/SmartKitchen_Cpp/ObjectDetector/build/CMakeFiles/CMakeTmp'


Determining size of void* passed with the following output:
Change Dir: /home/saqib/DevFolder/ownDev/SmartKitchen_Cpp/ObjectDetector/build/CMakeFiles/CMakeTmp

Run Build Command:/usr/bin/make "cmTryCompileExec2673004256/fast"
/usr/bin/make -f CMakeFiles/cmTryCompileExec2673004256.dir/build.make CMakeFiles/cmTryCompileExec2673004256.dir/build
make[1]: Entering directory `/home/saqib/DevFolder/ownDev/SmartKitchen_Cpp/ObjectDetector/build/CMakeFiles/CMakeTmp'
/usr/bin/cmake -E cmake_progress_report /home/saqib/DevFolder/ownDev/SmartKitchen_Cpp/ObjectDetector/build/CMakeFiles/CMakeTmp/CMakeFiles 1
Building C object CMakeFiles/cmTryCompileExec2673004256.dir/SIZE_OF_VOID_PTR.c.o
/usr/bin/cc    -o CMakeFiles/cmTryCompileExec2673004256.dir/SIZE_OF_VOID_PTR.c.o   -c /home/saqib/DevFolder/ownDev/SmartKitchen_Cpp/ObjectDetector/build/CMakeFiles/CheckTypeSize/SIZE_OF_VOID_PTR.c
Linking C executable cmTryCompileExec2673004256
/usr/bin/cmake -E cmake_link_script CMakeFiles/cmTryCompileExec2673004256.dir/link.txt --verbose=1
/usr/bin/cc       CMakeFiles/cmTryCompileExec2673004256.dir/SIZE_OF_VOID_PTR.c.o  -o cmTryCompileExec2673004256 -rdynamic 
make[1]: Leaving directory `/home/saqib/DevFolder/ownDev/SmartKitchen_Cpp/ObjectDetector/build/CMakeFiles/CMakeTmp'


Determining if the function cblas_ddot exists passed with the following output:
Change Dir: /home/saqib/DevFolder/ownDev/SmartKitchen_Cpp/ObjectDetector/build/CMakeFiles/CMakeTmp

Run Build Command:/usr/bin/make "cmTryCompileExec2053161277/fast"
/usr/bin/make -f CMakeFiles/cmTryCompileExec2053161277.dir/build.make CMakeFiles/cmTryCompileExec2053161277.dir/build
make[1]: Entering directory `/home/saqib/DevFolder/ownDev/SmartKitchen_Cpp/ObjectDetector/build/CMakeFiles/CMakeTmp'
/usr/bin/cmake -E cmake_progress_report /home/saqib/DevFolder/ownDev/SmartKitchen_Cpp/ObjectDetector/build/CMakeFiles/CMakeTmp/CMakeFiles 1
Building C object CMakeFiles/cmTryCompileExec2053161277.dir/CheckFunctionExists.c.o
/usr/bin/cc   -DCHECK_FUNCTION_EXISTS=cblas_ddot   -o CMakeFiles/cmTryCompileExec2053161277.dir/CheckFunctionExists.c.o   -c /usr/share/cmake-2.8/Modules/CheckFunctionExists.c
Linking C executable cmTryCompileExec2053161277
/usr/bin/cmake -E cmake_link_script CMakeFiles/cmTryCompileExec2053161277.dir/link.txt --verbose=1
/usr/bin/cc   -DCHECK_FUNCTION_EXISTS=cblas_ddot    CMakeFiles/cmTryCompileExec2053161277.dir/CheckFunctionExists.c.o  -o cmTryCompileExec2053161277 -rdynamic -lopenblas 
make[1]: Leaving directory `/home/saqib/DevFolder/ownDev/SmartKitchen_Cpp/ObjectDetector/build/CMakeFiles/CMakeTmp'


Determining if the CXX compiler has std namespace passed with the following output:
Change Dir: /home/saqib/DevFolder/ownDev/SmartKitchen_Cpp/ObjectDetector/build/CMakeFiles/CMakeTmp

Run Build Command:/usr/bin/make "cmTryCompileExec2965745541/fast"
/usr/bin/make -f CMakeFiles/cmTryCompileExec2965745541.dir/build.make CMakeFiles/cmTryCompileExec2965745541.dir/build
make[1]: Entering directory `/home/saqib/DevFolder/ownDev/SmartKitchen_Cpp/ObjectDetector/build/CMakeFiles/CMakeTmp'
/usr/bin/cmake -E cmake_progress_report /home/saqib/DevFolder/ownDev/SmartKitchen_Cpp/ObjectDetector/build/CMakeFiles/CMakeTmp/CMakeFiles 1
Building CXX object CMakeFiles/cmTryCompileExec2965745541.dir/TestForSTDNamespace.cxx.o
/usr/bin/c++    -Wreturn-type    -o CMakeFiles/cmTryCompileExec2965745541.dir/TestForSTDNamespace.cxx.o -c /usr/share/cmake-2.8/Modules/TestForSTDNamespace.cxx
Linking CXX executable cmTryCompileExec2965745541
/usr/bin/cmake -E cmake_link_script CMakeFiles/cmTryCompileExec2965745541.dir/link.txt --verbose=1
/usr/bin/c++    -Wreturn-type     CMakeFiles/cmTryCompileExec2965745541.dir/TestForSTDNamespace.cxx.o  -o cmTryCompileExec2965745541 -rdynamic 
make[1]: Leaving directory `/home/saqib/DevFolder/ownDev/SmartKitchen_Cpp/ObjectDetector/build/CMakeFiles/CMakeTmp'


Determining if the include file iostream exists passed with the following output:
Change Dir: /home/saqib/DevFolder/ownDev/SmartKitchen_Cpp/ObjectDetector/build/CMakeFiles/CMakeTmp

Run Build Command:/usr/bin/make "cmTryCompileExec3899842356/fast"
/usr/bin/make -f CMakeFiles/cmTryCompileExec3899842356.dir/build.make CMakeFiles/cmTryCompileExec3899842356.dir/build
make[1]: Entering directory `/home/saqib/DevFolder/ownDev/SmartKitchen_Cpp/ObjectDetector/build/CMakeFiles/CMakeTmp'
/usr/bin/cmake -E cmake_progress_report /home/saqib/DevFolder/ownDev/SmartKitchen_Cpp/ObjectDetector/build/CMakeFiles/CMakeTmp/CMakeFiles 1
Building CXX object CMakeFiles/cmTryCompileExec3899842356.dir/CheckIncludeFile.cxx.o
/usr/bin/c++    -Wreturn-type    -o CMakeFiles/cmTryCompileExec3899842356.dir/CheckIncludeFile.cxx.o -c /home/saqib/DevFolder/ownDev/SmartKitchen_Cpp/ObjectDetector/build/CMakeFiles/CMakeTmp/CheckIncludeFile.cxx
Linking CXX executable cmTryCompileExec3899842356
/usr/bin/cmake -E cmake_link_script CMakeFiles/cmTryCompileExec3899842356.dir/link.txt --verbose=1
/usr/bin/c++    -Wreturn-type     CMakeFiles/cmTryCompileExec3899842356.dir/CheckIncludeFile.cxx.o  -o cmTryCompileExec3899842356 -rdynamic 
make[1]: Leaving directory `/home/saqib/DevFolder/ownDev/SmartKitchen_Cpp/ObjectDetector/build/CMakeFiles/CMakeTmp'


